<?xml version="1.0" encoding="UTF-8"?>
<!-- Generated by org.testng.reporters.JUnitReportReporter -->
<testsuite hostname="Siddharath" failures="0" tests="8" name="api.test.DataDrivenTest" time="15.507" errors="0" timestamp="2024-11-26T09:24:06 IST" skipped="0">
  <testcase classname="api.test.DataDrivenTest" name="testPostUser" time="1.631"/>
  <testcase classname="api.test.DataDrivenTest" name="testPostUser" time="1.569"/>
  <testcase classname="api.test.DataDrivenTest" name="testPostUser" time="1.563"/>
  <testcase classname="api.test.DataDrivenTest" name="testPostUser" time="4.047"/>
  <testcase classname="api.test.DataDrivenTest" name="testDeleteUserByname" time="1.752"/>
  <testcase classname="api.test.DataDrivenTest" name="testDeleteUserByname" time="1.880"/>
  <testcase classname="api.test.DataDrivenTest" name="testDeleteUserByname" time="1.598"/>
  <testcase classname="api.test.DataDrivenTest" name="testDeleteUserByname" time="1.467"/>
</testsuite> <!-- api.test.DataDrivenTest -->
