<?xml version="1.0" encoding="UTF-8"?>
<!-- Generated by org.testng.reporters.JUnitReportReporter -->
<testsuite hostname="Siddharath" failures="0" tests="4" name="api.test.UserTests" time="9.541" errors="0" timestamp="2024-11-26T09:50:26 IST" skipped="0">
  <testcase classname="api.test.UserTests" name="testPostUser" time="3.297"/>
  <testcase classname="api.test.UserTests" name="getUserByName" time="1.650"/>
  <testcase classname="api.test.UserTests" name="updateUser" time="3.062"/>
  <testcase classname="api.test.UserTests" name="deleteUserByName" time="1.532"/>
</testsuite> <!-- api.test.UserTests -->
