<?xml version="1.0" encoding="UTF-8"?>
<!-- Generated by org.testng.reporters.JUnitReportReporter -->
<testsuite hostname="Siddharath" failures="0" tests="4" name="api.test.UserTests" time="9.497" errors="0" timestamp="2024-11-26T10:34:02 IST" skipped="0">
  <testcase classname="api.test.UserTests" name="testPostUser" time="3.304"/>
  <testcase classname="api.test.UserTests" name="getUserByName" time="1.492"/>
  <testcase classname="api.test.UserTests" name="updateUser" time="3.197"/>
  <testcase classname="api.test.UserTests" name="deleteUserByName" time="1.504"/>
</testsuite> <!-- api.test.UserTests -->
