<?xml version="1.0" encoding="UTF-8"?>
<!-- Generated by org.testng.reporters.JUnitReportReporter -->
<testsuite hostname="Siddharath" failures="0" tests="8" name="api.test.DataDrivenTest" time="18.892" errors="0" timestamp="2024-11-26T10:30:31 IST" skipped="0">
  <testcase classname="api.test.DataDrivenTest" name="testPostUser" time="1.997"/>
  <testcase classname="api.test.DataDrivenTest" name="testPostUser" time="1.853"/>
  <testcase classname="api.test.DataDrivenTest" name="testPostUser" time="3.477"/>
  <testcase classname="api.test.DataDrivenTest" name="testPostUser" time="1.554"/>
  <testcase classname="api.test.DataDrivenTest" name="testDeleteUserByname" time="1.957"/>
  <testcase classname="api.test.DataDrivenTest" name="testDeleteUserByname" time="4.754"/>
  <testcase classname="api.test.DataDrivenTest" name="testDeleteUserByname" time="1.532"/>
  <testcase classname="api.test.DataDrivenTest" name="testDeleteUserByname" time="1.768"/>
</testsuite> <!-- api.test.DataDrivenTest -->
